<?xml version="1.0" encoding="UTF-8" ?>
<testsuites>
  <testsuite errors="0" failures="0" hostname="IzhariIshakAksa" id="0" name="AllTests" package="com.emc.recoverpoint.planning" tests="124" time="2.248" timestamp="2013-01-05T19:44:10">
      <properties>
[...]
</properties>

      <testcase classname="com.emc.recoverpoint.planning.models.BaseFilterTest" name="testCtor" time="0.0030" />

      <testcase classname="com.emc.recoverpoint.planning.models.BaseFilterTest" name="testGetPage" time="0.0" />

      <testcase classname="com.emc.recoverpoint.planning.models.BaseFilterTest" name="testSetPage" time="0.0" />

      <testcase classname="com.emc.recoverpoint.planning.models.BaseFilterTest" name="testGetPageSize" time="0.0" />

      <testcase classname="com.emc.recoverpoint.planning.models.BaseFilterTest" name="testSetPageSize" time="0.0" />

      <testcase classname="com.emc.recoverpoint.planning.models.BaseFilterTest" name="testGetOrderBy" time="0.0010" />

      <testcase classname="com.emc.recoverpoint.planning.models.BaseFilterTest" name="testSetOrderBy" time="0.0010" />

      <testcase classname="com.emc.recoverpoint.planning.models.BaseFilterTest" name="testIsAscending" time="0.0" />

      <testcase classname="com.emc.recoverpoint.planning.models.BaseFilterTest" name="testSetAscending" time="0.0" />

      <testcase classname="com.emc.recoverpoint.planning.models.BaseWorkspaceEntityTest" name="testCtor" time="0.0" />

      <testcase classname="com.emc.recoverpoint.planning.models.BaseWorkspaceEntityTest" name="testGetId" time="0.094" />

      <testcase classname="com.emc.recoverpoint.planning.models.BaseWorkspaceEntityTest" name="testSetId" time="0.0" />

      <testcase classname="com.emc.recoverpoint.planning.models.BaseWorkspaceEntityTest" name="testGetName" time="0.0010" />

      <testcase classname="com.emc.recoverpoint.planning.models.BaseWorkspaceEntityTest" name="testSetName" time="0.0" />

      <testcase classname="com.emc.recoverpoint.planning.models.BaseWorkspaceEntityTest" name="testGetStatus" time="0.0" />

      <testcase classname="com.emc.recoverpoint.planning.models.BaseWorkspaceEntityTest" name="testSetStatus" time="0.0" />

      <testcase classname="com.emc.recoverpoint.planning.models.BaseWorkspaceEntityTest" name="testGetLastModifiedDate" time="0.0" />

      <testcase classname="com.emc.recoverpoint.planning.models.BaseWorkspaceEntityTest" name="testSetLastModifiedDate" time="0.0" />

      <testcase classname="com.emc.recoverpoint.planning.models.BasicRPApplicationConfigurationTest" name="testCtor" time="0.096" />

      <testcase classname="com.emc.recoverpoint.planning.models.BasicRPApplicationConfigurationTest" name="testGetApplicationName" time="0.0" />

      <testcase classname="com.emc.recoverpoint.planning.models.BasicRPApplicationConfigurationTest" name="testSetApplicationName" time="0.0" />

      <testcase classname="com.emc.recoverpoint.planning.models.BasicRPApplicationConfigurationTest" name="testGetProductType" time="0.0" />

      <testcase classname="com.emc.recoverpoint.planning.models.BasicRPApplicationConfigurationTest" name="testSetProductType" time="0.0" />

      <testcase classname="com.emc.recoverpoint.planning.models.BasicRPApplicationConfigurationTest" name="testGetApplicationTotalVolumesSize" time="0.0" />

      <testcase classname="com.emc.recoverpoint.planning.models.BasicRPApplicationConfigurationTest" name="testSetApplicationTotalVolumesSize" time="0.0" />

      <testcase classname="com.emc.recoverpoint.planning.models.BasicRPApplicationConfigurationTest" name="testGetApplicationAverageChangeRate" time="0.0010" />

      <testcase classname="com.emc.recoverpoint.planning.models.BasicRPApplicationConfigurationTest" name="testSetApplicationAverageChangeRate" time="0.0010" />

      <testcase classname="com.emc.recoverpoint.planning.models.BasicRPApplicationConfigurationTest" name="testGetRequiredDataRollbackWindow" time="0.0010" />

      <testcase classname="com.emc.recoverpoint.planning.models.BasicRPApplicationConfigurationTest" name="testSetRequiredDataRollbackWindow" time="0.097" />

      <testcase classname="com.emc.recoverpoint.planning.models.BasicRPApplicationConfigurationTest" name="testGetStorageSpaceForRollbackInformation" time="0.0" />

      <testcase classname="com.emc.recoverpoint.planning.models.BasicRPApplicationConfigurationTest" name="testSetStorageSpaceForRollbackInformation" time="0.0" />

      <testcase classname="com.emc.recoverpoint.planning.models.BasicRPApplicationOverviewTest" name="testCtor" time="0.0010" />

      <testcase classname="com.emc.recoverpoint.planning.models.BasicRPApplicationOverviewTest" name="testGetApplicationName" time="0.0010" />

      <testcase classname="com.emc.recoverpoint.planning.models.BasicRPApplicationOverviewTest" name="testSetApplicationName" time="0.0010" />

      <testcase classname="com.emc.recoverpoint.planning.models.BasicRPApplicationOverviewTest" name="testGetRequiredProtectionWindow" time="0.0010" />

      <testcase classname="com.emc.recoverpoint.planning.models.BasicRPApplicationOverviewTest" name="testSetRequiredProtectionWindow" time="0.0" />

      <testcase classname="com.emc.recoverpoint.planning.models.BasicRPApplicationOverviewTest" name="testGetAvailableProtectionWindow" time="0.0" />

      <testcase classname="com.emc.recoverpoint.planning.models.BasicRPApplicationOverviewTest" name="testSetAvailableProtectionWindow" time="0.097" />

      <testcase classname="com.emc.recoverpoint.planning.models.BasicRPApplicationOverviewTest" name="testGetRequiredStorageSpaceForRollback" time="0.0010" />

      <testcase classname="com.emc.recoverpoint.planning.models.BasicRPApplicationOverviewTest" name="testSetRequiredStorageSpaceForRollback" time="0.0010" />

      <testcase classname="com.emc.recoverpoint.planning.models.BasicRPApplicationOverviewTest" name="testGetAvailableStorageSpaceForRollback" time="0.0" />

      <testcase classname="com.emc.recoverpoint.planning.models.BasicRPApplicationOverviewTest" name="testSetAvailableStorageSpaceForRollback" time="0.097" />

      <testcase classname="com.emc.recoverpoint.planning.models.BasicRPApplicationOverviewTest" name="testGetRequiredBandwidth" time="0.0" />

      <testcase classname="com.emc.recoverpoint.planning.models.BasicRPApplicationOverviewTest" name="testSetRequiredBandwidth" time="0.0" />

      <testcase classname="com.emc.recoverpoint.planning.models.BasicRPSiteOverviewTest" name="testCtor" time="0.0010" />

      <testcase classname="com.emc.recoverpoint.planning.models.BasicRPSiteOverviewTest" name="testGetTotalRequiredBandwidthPerSite" time="0.0" />

      <testcase classname="com.emc.recoverpoint.planning.models.BasicRPSiteOverviewTest" name="testSetTotalRequiredBandwidthPerSite" time="0.0" />

      <testcase classname="com.emc.recoverpoint.planning.models.BasicRPSiteOverviewTest" name="testGetTotalRequiredStorageSpace" time="0.0" />

      <testcase classname="com.emc.recoverpoint.planning.models.BasicRPSiteOverviewTest" name="testSetTotalRequiredStorageSpace" time="0.0010" />

      <testcase classname="com.emc.recoverpoint.planning.models.BasicRPSiteOverviewTest" name="testGetTotalReplicatedData" time="0.0010" />

      <testcase classname="com.emc.recoverpoint.planning.models.BasicRPSiteOverviewTest" name="testSetTotalReplicatedData" time="0.0" />

      <testcase classname="com.emc.recoverpoint.planning.models.BasicRPSiteOverviewTest" name="testGetTotalApplicationsGeneratedData" time="0.0" />

      <testcase classname="com.emc.recoverpoint.planning.models.BasicRPSiteOverviewTest" name="testSetTotalApplicationsGeneratedData" time="0.0010" />

      <testcase classname="com.emc.recoverpoint.planning.models.BasicRPSiteOverviewTest" name="testGetFirstTimeSiteSync" time="0.096" />

      <testcase classname="com.emc.recoverpoint.planning.models.BasicRPSiteOverviewTest" name="testSetFirstTimeSiteSync" time="0.0" />

      <testcase classname="com.emc.recoverpoint.planning.models.BasicRPSizingRequestTest" name="testCtor" time="0.0010" />

      <testcase classname="com.emc.recoverpoint.planning.models.BasicRPSizingRequestTest" name="testGetRequestID" time="0.0" />

      <testcase classname="com.emc.recoverpoint.planning.models.BasicRPSizingRequestTest" name="testSetRequestID" time="0.0" />

      <testcase classname="com.emc.recoverpoint.planning.models.BasicRPSizingRequestTest" name="testGetApplicationConfigurations" time="0.094" />

      <testcase classname="com.emc.recoverpoint.planning.models.BasicRPSizingRequestTest" name="testSetApplicationConfigurations" time="0.0" />

      <testcase classname="com.emc.recoverpoint.planning.models.BasicRPSizingRequestTest" name="testGetInterSiteLinkBandwidth" time="0.0" />

      <testcase classname="com.emc.recoverpoint.planning.models.BasicRPSizingRequestTest" name="testSetInterSiteLinkBandwidth" time="0.0010" />

      <testcase classname="com.emc.recoverpoint.planning.models.BasicRPSizingRequestTest" name="testGetRpFeatureSelections" time="0.0" />

      <testcase classname="com.emc.recoverpoint.planning.models.BasicRPSizingRequestTest" name="testSetRpFeatureSelections" time="0.0" />

      <testcase classname="com.emc.recoverpoint.planning.models.BasicRPSizingResultTest" name="testCtor" time="0.0" />

      <testcase classname="com.emc.recoverpoint.planning.models.BasicRPSizingResultTest" name="testGetRecommendedRPAppliances" time="0.0" />

      <testcase classname="com.emc.recoverpoint.planning.models.BasicRPSizingResultTest" name="testSetRecommendedRPAppliances" time="0.0" />

      <testcase classname="com.emc.recoverpoint.planning.models.BasicRPSizingResultTest" name="testGetSiteOverview" time="0.0" />

      <testcase classname="com.emc.recoverpoint.planning.models.BasicRPSizingResultTest" name="testSetSiteOverview" time="0.0" />

      <testcase classname="com.emc.recoverpoint.planning.models.BasicRPSizingResultTest" name="testGetApplicationOverviews" time="0.0" />

      <testcase classname="com.emc.recoverpoint.planning.models.BasicRPSizingResultTest" name="testSetApplicationOverviews" time="0.0" />

      <testcase classname="com.emc.recoverpoint.planning.models.PagedResultTest" name="testCtor" time="0.096" />

      <testcase classname="com.emc.recoverpoint.planning.models.PagedResultTest" name="testGetTotalPages" time="0.0010" />

      <testcase classname="com.emc.recoverpoint.planning.models.PagedResultTest" name="testSetTotalPages" time="0.0" />

      <testcase classname="com.emc.recoverpoint.planning.models.PagedResultTest" name="testGetTotalCount" time="0.0" />

      <testcase classname="com.emc.recoverpoint.planning.models.PagedResultTest" name="testSetTotalCount" time="0.0" />

      <testcase classname="com.emc.recoverpoint.planning.models.PagedResultTest" name="testGetCurrentPage" time="0.096" />

      <testcase classname="com.emc.recoverpoint.planning.models.PagedResultTest" name="testSetCurrentPage" time="0.0010" />

      <testcase classname="com.emc.recoverpoint.planning.models.PagedResultTest" name="testGetItems" time="0.0" />

      <testcase classname="com.emc.recoverpoint.planning.models.PagedResultTest" name="testSetItems" time="0.0" />

      <testcase classname="com.emc.recoverpoint.planning.models.RPFeatureSelectionsTest" name="testCtor" time="0.0" />

      <testcase classname="com.emc.recoverpoint.planning.models.RPFeatureSelectionsTest" name="testIsDistributedConsistencyGroupsSelected" time="0.096" />

      <testcase classname="com.emc.recoverpoint.planning.models.RPFeatureSelectionsTest" name="testSetDistributedConsistencyGroupsSelected" time="0.0" />

      <testcase classname="com.emc.recoverpoint.planning.models.RPFeatureSelectionsTest" name="testIsDataCompressionSelected" time="0.0" />

      <testcase classname="com.emc.recoverpoint.planning.models.RPFeatureSelectionsTest" name="testSetDataCompressionSelected" time="0.0" />

      <testcase classname="com.emc.recoverpoint.planning.models.RPFeatureSelectionsTest" name="testIsDeduplicationSelected" time="0.0010" />

      <testcase classname="com.emc.recoverpoint.planning.models.RPFeatureSelectionsTest" name="testSetDeduplicationSelected" time="0.0" />

      <testcase classname="com.emc.recoverpoint.planning.models.RPFeatureSelectionsTest" name="testIsSnapshotConsolidationSelected" time="0.0010" />

      <testcase classname="com.emc.recoverpoint.planning.models.RPFeatureSelectionsTest" name="testSetSnapshotConsolidationSelected" time="0.0" />

      <testcase classname="com.emc.recoverpoint.planning.models.RPFeatureSelectionsTest" name="testIsJournalCompressionSelected" time="0.096" />

      <testcase classname="com.emc.recoverpoint.planning.models.RPFeatureSelectionsTest" name="testSetJournalCompressionSelected" time="0.0" />

      <testcase classname="com.emc.recoverpoint.planning.models.RawDataItemTest" name="testCtor" time="0.0010" />

      <testcase classname="com.emc.recoverpoint.planning.models.RawDataItemTest" name="testInheritance" time="0.0" />

      <testcase classname="com.emc.recoverpoint.planning.models.RawDataItemTest" name="testGetWorkspaceId" time="0.0" />

      <testcase classname="com.emc.recoverpoint.planning.models.RawDataItemTest" name="testSetWorkspaceId" time="0.095" />

      <testcase classname="com.emc.recoverpoint.planning.models.RawDataItemTest" name="testGetDataType" time="0.0" />

      <testcase classname="com.emc.recoverpoint.planning.models.RawDataItemTest" name="testSetDataType" time="0.0" />

      <testcase classname="com.emc.recoverpoint.planning.models.RawDataItemTest" name="testGetContent" time="0.0" />

      <testcase classname="com.emc.recoverpoint.planning.models.RawDataItemTest" name="testSetContent" time="0.0" />

      <testcase classname="com.emc.recoverpoint.planning.models.RawDataItemFilterTest" name="testCtor" time="0.0" />

      <testcase classname="com.emc.recoverpoint.planning.models.RawDataItemFilterTest" name="testGetName" time="0.0" />

      <testcase classname="com.emc.recoverpoint.planning.models.RawDataItemFilterTest" name="testSetName" time="0.0" />

      <testcase classname="com.emc.recoverpoint.planning.models.RawDataItemFilterTest" name="testGetStatus" time="0.0" />

      <testcase classname="com.emc.recoverpoint.planning.models.RawDataItemFilterTest" name="testSetStatus" time="0.0" />

      <testcase classname="com.emc.recoverpoint.planning.models.RawDataItemFilterTest" name="testInheritance" time="0.0" />

      <testcase classname="com.emc.recoverpoint.planning.models.RawDataItemFilterTest" name="testGetDataType" time="0.0" />

      <testcase classname="com.emc.recoverpoint.planning.models.RawDataItemFilterTest" name="testSetDataType" time="0.0010" />

      <testcase classname="com.emc.recoverpoint.planning.models.WorkspaceTest" name="testCtor" time="0.0010" />

      <testcase classname="com.emc.recoverpoint.planning.models.WorkspaceTest" name="testInheritance" time="0.0" />

      <testcase classname="com.emc.recoverpoint.planning.models.WorkspaceTest" name="testGetLastCorrelatedDate" time="0.0" />

      <testcase classname="com.emc.recoverpoint.planning.models.WorkspaceTest" name="testSetLastCorrelatedDate" time="0.0" />

      <testcase classname="com.emc.recoverpoint.planning.models.WorkspaceFilterTest" name="testCtor" time="0.094" />

      <testcase classname="com.emc.recoverpoint.planning.models.WorkspaceFilterTest" name="testGetName" time="0.0" />

      <testcase classname="com.emc.recoverpoint.planning.models.WorkspaceFilterTest" name="testSetName" time="0.0" />

      <testcase classname="com.emc.recoverpoint.planning.models.WorkspaceFilterTest" name="testGetStatus" time="0.0" />

      <testcase classname="com.emc.recoverpoint.planning.models.WorkspaceFilterTest" name="testSetStatus" time="0.0" />

      <testcase classname="com.emc.recoverpoint.planning.models.WorkspaceFilterTest" name="testInheritance" time="0.0" />

      <testcase classname="com.emc.recoverpoint.planning.services.RPPlanningToolConfigurationExceptionTest" name="testInheritance" time="0.0" />

      <testcase classname="com.emc.recoverpoint.planning.services.RPPlanningToolConfigurationExceptionTest" name="testCtor1" time="0.0" />

      <testcase classname="com.emc.recoverpoint.planning.services.RPPlanningToolConfigurationExceptionTest" name="testCtor2" time="0.0" />

      <testcase classname="com.emc.recoverpoint.planning.services.RPPlanningToolServiceExceptionTest" name="testInheritance" time="0.0010" />

      <testcase classname="com.emc.recoverpoint.planning.services.RPPlanningToolServiceExceptionTest" name="testCtor1" time="0.0" />

      <testcase classname="com.emc.recoverpoint.planning.services.RPPlanningToolServiceExceptionTest" name="testCtor2" time="0.0" />

      <testcase classname="com.emc.recoverpoint.planning.Demo" name="testDemo" time="0.0" />

      <system-out><![CDATA[]]></system-out>

      <system-err><![CDATA[]]></system-err>

  </testsuite>
</testsuites>
